2026-03-17 23:53:45 [INFO]: MongoDB connected: localhost
2026-03-17 23:53:45 [INFO]: Server running on http://localhost:5000
2026-03-17 23:53:45 [INFO]: Health check: http://localhost:5000/health
2026-03-18 00:01:24 [INFO]: [Queue] Enqueued execution: 69b99dfc199f2ff479928419
2026-03-18 00:01:25 [INFO]: [Engine] Starting execution 69b99dfc199f2ff479928419 for workflow: First workflow
2026-03-18 00:01:25 [INFO]:   Running step [task]: start process
2026-03-18 00:01:25 [INFO]:   Step "start process" completed in 472ms
2026-03-18 00:01:25 [INFO]:   Running step [task]: process data
2026-03-18 00:01:26 [INFO]:   Step "process data" completed in 672ms
2026-03-18 00:01:26 [INFO]:   Running step [task]: finish
2026-03-18 00:01:26 [INFO]:   Step "finish" completed in 573ms
2026-03-18 00:01:26 [INFO]: [Engine] Execution 69b99dfc199f2ff479928419 COMPLETED in 0ms
2026-03-18 00:04:48 [INFO]: [Queue] Enqueued execution: 69b99ec8199f2ff47992845f
2026-03-18 00:04:48 [INFO]: [Engine] Starting execution 69b99ec8199f2ff47992845f for workflow: Order Approval
2026-03-18 00:04:48 [INFO]:   Running step [task]: Validate Order
2026-03-18 00:04:49 [INFO]:   Step "Validate Order" completed in 595ms
2026-03-18 00:04:49 [INFO]:   Running step [task]: Check Inventory
2026-03-18 00:04:49 [INFO]:   Step "Check Inventory" completed in 421ms
2026-03-18 00:04:49 [INFO]:   Running step [notification]: Send Confirmation
2026-03-18 00:04:50 [INFO]:   Step "Send Confirmation" completed in 663ms
2026-03-18 00:04:50 [INFO]:   Running step [task]: Update Database
2026-03-18 00:04:51 [INFO]:   Step "Update Database" completed in 650ms
2026-03-18 00:04:51 [INFO]: [Engine] Execution 69b99ec8199f2ff47992845f COMPLETED in 0ms
2026-03-18 00:11:45 [INFO]: MongoDB connected: localhost
2026-03-18 00:11:45 [INFO]: Server running on http://localhost:5000
2026-03-18 00:11:45 [INFO]: Health check: http://localhost:5000/health
2026-03-18 00:12:01 [INFO]: MongoDB connected: localhost
2026-03-18 00:12:01 [INFO]: Server running on http://localhost:5000
2026-03-18 00:12:01 [INFO]: Health check: http://localhost:5000/health
2026-03-18 00:12:06 [INFO]: Shutting down...
2026-03-18 00:12:13 [INFO]: MongoDB connected: localhost
2026-03-18 00:12:13 [INFO]: Server running on http://localhost:5000
2026-03-18 00:12:13 [INFO]: Health check: http://localhost:5000/health
2026-03-18 00:16:11 [INFO]: [Queue] Enqueued execution: 69b9a17376e90cf1e36d9947
2026-03-18 00:16:11 [INFO]: [Engine] Starting execution 69b9a17376e90cf1e36d9947 — "rule tester" (3 steps)
2026-03-18 00:16:12 [INFO]:   Running step [task]: Validate Order
2026-03-18 00:16:12 [INFO]:   ✓ Step "Validate Order" completed in 683ms
2026-03-18 00:16:12 [INFO]:   Rule matched: "Skip Cheap Orders" → action: allow
2026-03-18 00:16:12 [INFO]:   Running step [task]: Apply Discount
2026-03-18 00:16:13 [INFO]:   ✓ Step "Apply Discount" completed in 613ms
2026-03-18 00:16:13 [INFO]:   Running step [task]: Confirm Order
2026-03-18 00:16:14 [INFO]:   ✓ Step "Confirm Order" completed in 713ms
2026-03-18 00:16:14 [INFO]: [Engine] ✓ Execution 69b9a17376e90cf1e36d9947 COMPLETED in 0ms
2026-03-18 00:17:05 [INFO]: [Queue] Enqueued execution: 69b9a1a976e90cf1e36d9976
2026-03-18 00:17:05 [INFO]: [Engine] Starting execution 69b9a1a976e90cf1e36d9976 — "rule tester" (3 steps)
2026-03-18 00:17:05 [INFO]:   Running step [task]: Validate Order
2026-03-18 00:17:05 [INFO]:   ✓ Step "Validate Order" completed in 555ms
2026-03-18 00:17:06 [INFO]:   Running step [task]: Apply Discount
2026-03-18 00:17:06 [INFO]:   ✓ Step "Apply Discount" completed in 556ms
2026-03-18 00:17:06 [INFO]:   Running step [task]: Confirm Order
2026-03-18 00:17:07 [INFO]:   ✓ Step "Confirm Order" completed in 681ms
2026-03-18 00:17:07 [INFO]: [Engine] ✓ Execution 69b9a1a976e90cf1e36d9976 COMPLETED in 0ms
2026-03-18 00:22:04 [INFO]: [Queue] Enqueued execution: 69b9a2d476e90cf1e36d99bd
2026-03-18 00:22:04 [INFO]: [Engine] Starting execution 69b9a2d476e90cf1e36d99bd — "Employee Onboarding" (5 steps)
2026-03-18 00:22:04 [INFO]:   Running step [notification]: Send Welcome Email
2026-03-18 00:22:05 [INFO]:   ✓ Step "Send Welcome Email" completed in 656ms
2026-03-18 00:22:05 [INFO]:   Running step [task]: Create System Account
2026-03-18 00:22:05 [INFO]:   ✓ Step "Create System Account" completed in 621ms
2026-03-18 00:22:05 [INFO]:   Running step [task]: Setup Office Desk
2026-03-18 00:22:06 [INFO]:   ✓ Step "Setup Office Desk" completed in 712ms
2026-03-18 00:22:06 [INFO]:   Running step [task]: Send Laptop to Home
2026-03-18 00:22:06 [INFO]:   ✓ Step "Send Laptop to Home" completed in 337ms
2026-03-18 00:22:06 [INFO]:   Running step [approval]: Schedule Orientation
2026-03-18 00:22:07 [INFO]:   ✓ Step "Schedule Orientation" completed in 367ms
2026-03-18 00:22:07 [INFO]: [Engine] ✓ Execution 69b9a2d476e90cf1e36d99bd COMPLETED in 0ms
2026-03-18 00:22:30 [INFO]: [Queue] Enqueued execution: 69b9a2ee76e90cf1e36d99f2
2026-03-18 00:22:30 [INFO]: [Engine] Starting execution 69b9a2ee76e90cf1e36d99f2 — "Employee Onboarding" (5 steps)
2026-03-18 00:22:30 [INFO]:   Running step [notification]: Send Welcome Email
2026-03-18 00:22:30 [INFO]:   ✓ Step "Send Welcome Email" completed in 536ms
2026-03-18 00:22:30 [INFO]:   Running step [task]: Create System Account
2026-03-18 00:22:31 [INFO]:   ✓ Step "Create System Account" completed in 399ms
2026-03-18 00:22:31 [INFO]:   Rule matched: "Is Remote Employee" → action: skip_step
2026-03-18 00:22:31 [INFO]:   Skipping step "Setup Office Desk" — rule: Is Remote Employee
2026-03-18 00:22:31 [INFO]:   Running step [task]: Send Laptop to Home
2026-03-18 00:22:31 [INFO]:   ✓ Step "Send Laptop to Home" completed in 626ms
2026-03-18 00:22:31 [INFO]:   Running step [approval]: Schedule Orientation
2026-03-18 00:22:32 [INFO]:   ✓ Step "Schedule Orientation" completed in 538ms
2026-03-18 00:22:32 [INFO]: [Engine] ✓ Execution 69b9a2ee76e90cf1e36d99f2 COMPLETED in 0ms
2026-03-18 01:34:57 [INFO]: MongoDB connected: localhost
2026-03-18 01:34:57 [INFO]: Server running on http://localhost:5000
2026-03-18 01:34:57 [INFO]: Health check: http://localhost:5000/health
2026-03-18 09:42:49 [INFO]: MongoDB connected: localhost
2026-03-18 09:42:49 [INFO]: Server running on http://localhost:5000
2026-03-18 09:42:49 [INFO]: Health check: http://localhost:5000/health
2026-03-18 09:46:01 [INFO]: MongoDB connected: localhost
2026-03-18 09:46:01 [INFO]: Server running on http://localhost:5000
2026-03-18 09:46:01 [INFO]: Health check: http://localhost:5000/health
2026-03-18 09:46:11 [INFO]: MongoDB connected: localhost
2026-03-18 09:46:11 [INFO]: Server running on http://localhost:5000
2026-03-18 09:46:11 [INFO]: Health check: http://localhost:5000/health
2026-03-18 09:46:17 [INFO]: MongoDB connected: localhost
2026-03-18 09:46:17 [INFO]: Server running on http://localhost:5000
2026-03-18 09:46:17 [INFO]: Health check: http://localhost:5000/health
2026-03-18 09:47:07 [INFO]: MongoDB connected: localhost
2026-03-18 09:47:07 [INFO]: Server running on http://localhost:5000
2026-03-18 09:47:07 [INFO]: Health check: http://localhost:5000/health
2026-03-18 10:39:49 [INFO]: [Queue] Enqueued execution: 69ba339de5fb3500cee00b0b
2026-03-18 10:39:49 [INFO]: [Engine] Starting execution 69ba339de5fb3500cee00b0b — "Multi-Rule Order Processing" (4 steps)
2026-03-18 10:39:49 [INFO]:   Checking rule "Duplicate Order": no match
2026-03-18 10:39:49 [INFO]:   Running step [task]: Validate order
2026-03-18 10:39:50 [INFO]:   ✓ Step "Validate order" completed in 675ms
2026-03-18 10:39:50 [INFO]:   Checking rule "High Value Order": MATCHED
2026-03-18 10:39:50 [INFO]:   Checking rule "India Region": MATCHED
2026-03-18 10:39:50 [INFO]:   Rules [AND] passed → action: skip_step
2026-03-18 10:39:50 [INFO]:   Skipping step "Apply Regional Discount" — rule: High Value Order
2026-03-18 10:39:50 [INFO]:   Checking rule "High Value Order": MATCHED
2026-03-18 10:39:50 [INFO]:   Checking rule "India Region": MATCHED
2026-03-18 10:39:50 [INFO]:   Rules [OR] passed → action: skip_step
2026-03-18 10:39:50 [INFO]:   Skipping step "Process Payment" — rule: High Value Order
2026-03-18 10:39:50 [INFO]:   Running step [notification]:  Send Confirmation
2026-03-18 10:39:50 [INFO]:   ✓ Step " Send Confirmation" completed in 394ms
2026-03-18 10:39:50 [INFO]: [Engine] ✓ Execution 69ba339de5fb3500cee00b0b COMPLETED in 0ms
2026-03-18 10:42:57 [INFO]: [Queue] Enqueued execution: 69ba3459e5fb3500cee00b41
2026-03-18 10:42:57 [INFO]: [Engine] Starting execution 69ba3459e5fb3500cee00b41 — "Multi-Rule Order Processing" (4 steps)
2026-03-18 10:42:57 [INFO]:   Checking rule "Duplicate Order": no match
2026-03-18 10:42:57 [INFO]:   Running step [task]: Validate order
2026-03-18 10:42:57 [INFO]:   ✓ Step "Validate order" completed in 394ms
2026-03-18 10:42:57 [INFO]:   Checking rule "High Value Order": no match
2026-03-18 10:42:57 [INFO]:   Checking rule "India Region": MATCHED
2026-03-18 10:42:57 [INFO]:   Running step [task]: Apply Regional Discount
2026-03-18 10:42:57 [INFO]:   ✓ Step "Apply Regional Discount" completed in 369ms
2026-03-18 10:42:57 [INFO]:   Checking rule "High Value Order": no match
2026-03-18 10:42:57 [INFO]:   Checking rule "India Region": MATCHED
2026-03-18 10:42:57 [INFO]:   Rules [OR] passed → action: skip_step
2026-03-18 10:42:57 [INFO]:   Skipping step "Process Payment" — rule: India Region
2026-03-18 10:42:57 [INFO]:   Running step [notification]:  Send Confirmation
2026-03-18 10:42:58 [INFO]:   ✓ Step " Send Confirmation" completed in 333ms
2026-03-18 10:42:58 [INFO]: [Engine] ✓ Execution 69ba3459e5fb3500cee00b41 COMPLETED in 0ms
2026-03-18 10:59:29 [INFO]: Shutting down...
2026-03-18 11:57:18 [INFO]: MongoDB connected: localhost
2026-03-18 11:57:18 [INFO]: Server running on http://localhost:5000
2026-03-18 11:57:18 [INFO]: Health check: http://localhost:5000/health
2026-03-18 12:10:05 [INFO]: [Queue] Enqueued execution: 69ba48c599c8601cf99fd375
2026-03-18 12:10:05 [INFO]: [Engine] Starting execution 69ba48c599c8601cf99fd375 — "customer.tier" (6 steps)
2026-03-18 12:10:05 [INFO]:   Checking rule "Block Duplicate Orders": no match
2026-03-18 12:10:05 [INFO]:   Running step [task]: Validate Order
2026-03-18 12:10:06 [INFO]:   ✓ Step "Validate Order" completed in 383ms
2026-03-18 12:10:06 [INFO]:   Running step [task]: Check Inventory
2026-03-18 12:10:06 [INFO]:   ✓ Step "Check Inventory" completed in 411ms
2026-03-18 12:10:06 [INFO]:   Checking rule "Skip Discount For Low Value": no match
2026-03-18 12:10:06 [INFO]:   Running step [task]: Apply Discount 
2026-03-18 12:10:07 [INFO]:   ✓ Step "Apply Discount " completed in 428ms
2026-03-18 12:10:07 [INFO]:   Checking rule "Flag Premium Customer": no match
2026-03-18 12:10:07 [INFO]:   Running step [notification]: Notify Account Manager
2026-03-18 12:10:07 [INFO]:   ✓ Step "Notify Account Manager" completed in 571ms
2026-03-18 12:10:07 [INFO]:   Running step [task]: Process Payment
2026-03-18 12:10:08 [INFO]:   ✓ Step "Process Payment" completed in 415ms
2026-03-18 12:10:08 [INFO]:   Running step [notification]: Send Confirmation Email
2026-03-18 12:10:08 [INFO]:   ✓ Step "Send Confirmation Email" completed in 535ms
2026-03-18 12:10:08 [INFO]: [Engine] ✓ Execution 69ba48c599c8601cf99fd375 COMPLETED in 0ms
2026-03-18 12:10:44 [INFO]: [Queue] Enqueued execution: 69ba48ec99c8601cf99fd3b5
2026-03-18 12:10:44 [INFO]: [Engine] Starting execution 69ba48ec99c8601cf99fd3b5 — "customer.tier" (6 steps)
2026-03-18 12:10:44 [INFO]:   Checking rule "Block Duplicate Orders": no match
2026-03-18 12:10:44 [INFO]:   Running step [task]: Validate Order
2026-03-18 12:10:45 [INFO]:   ✓ Step "Validate Order" completed in 588ms
2026-03-18 12:10:45 [INFO]:   Running step [task]: Check Inventory
2026-03-18 12:10:45 [INFO]:   ✓ Step "Check Inventory" completed in 459ms
2026-03-18 12:10:45 [INFO]:   Checking rule "Skip Discount For Low Value": MATCHED
2026-03-18 12:10:45 [INFO]:   Rules [AND] passed → action: skip_step
2026-03-18 12:10:45 [INFO]:   Skipping step "Apply Discount " — rule: Skip Discount For Low Value
2026-03-18 12:10:45 [INFO]:   Checking rule "Flag Premium Customer": MATCHED
2026-03-18 12:10:45 [INFO]:   Rules [AND] passed → action: notify
2026-03-18 12:10:45 [INFO]:   Rule "Flag Premium Customer" triggered notify action for step "Notify Account Manager"
2026-03-18 12:10:45 [INFO]:   Running step [notification]: Notify Account Manager
2026-03-18 12:10:46 [INFO]:   ✓ Step "Notify Account Manager" completed in 594ms
2026-03-18 12:10:46 [INFO]:   Running step [task]: Process Payment
2026-03-18 12:10:46 [INFO]:   ✓ Step "Process Payment" completed in 646ms
2026-03-18 12:10:46 [INFO]:   Running step [notification]: Send Confirmation Email
2026-03-18 12:10:47 [INFO]:   ✓ Step "Send Confirmation Email" completed in 554ms
2026-03-18 12:10:47 [INFO]: [Engine] ✓ Execution 69ba48ec99c8601cf99fd3b5 COMPLETED in 0ms
2026-03-18 12:11:23 [INFO]: [Queue] Enqueued execution: 69ba491399c8601cf99fd3ee
2026-03-18 12:11:23 [INFO]: [Engine] Starting execution 69ba491399c8601cf99fd3ee — "customer.tier" (6 steps)
2026-03-18 12:11:23 [INFO]:   Checking rule "Block Duplicate Orders": no match
2026-03-18 12:11:23 [INFO]:   Running step [task]: Validate Order
2026-03-18 12:11:24 [INFO]:   ✓ Step "Validate Order" completed in 612ms
2026-03-18 12:11:24 [INFO]:   Running step [task]: Check Inventory
2026-03-18 12:11:24 [INFO]:   ✓ Step "Check Inventory" completed in 414ms
2026-03-18 12:11:24 [INFO]:   Checking rule "Skip Discount For Low Value": MATCHED
2026-03-18 12:11:24 [INFO]:   Rules [AND] passed → action: skip_step
2026-03-18 12:11:24 [INFO]:   Skipping step "Apply Discount " — rule: Skip Discount For Low Value
2026-03-18 12:11:24 [INFO]:   Checking rule "Flag Premium Customer": MATCHED
2026-03-18 12:11:24 [INFO]:   Rules [AND] passed → action: notify
2026-03-18 12:11:24 [INFO]:   Rule "Flag Premium Customer" triggered notify action for step "Notify Account Manager"
2026-03-18 12:11:24 [INFO]:   Running step [notification]: Notify Account Manager
2026-03-18 12:11:25 [INFO]:   ✓ Step "Notify Account Manager" completed in 411ms
2026-03-18 12:11:25 [INFO]:   Running step [task]: Process Payment
2026-03-18 12:11:25 [INFO]:   ✓ Step "Process Payment" completed in 690ms
2026-03-18 12:11:25 [INFO]:   Running step [notification]: Send Confirmation Email
2026-03-18 12:11:26 [INFO]:   ✓ Step "Send Confirmation Email" completed in 634ms
2026-03-18 12:11:26 [INFO]: [Engine] ✓ Execution 69ba491399c8601cf99fd3ee COMPLETED in 0ms
2026-03-18 12:22:19 [INFO]: MongoDB connected: localhost
2026-03-18 12:22:19 [INFO]: Server running on http://localhost:5000
2026-03-18 12:22:19 [INFO]: Health check: http://localhost:5000/health
